[2025-04-09 20:06:47] [INFO] Коллекция загружена 
[2025-04-09 20:06:47] [INFO] Селектор открыт 
[2025-04-09 20:06:47] [INFO] Канал сервера готов к работе 
[2025-04-09 20:07:14] [INFO] Установлено соединение с клиентом Socket[addr=/127.0.0.1,port=64263,localport=8000] 
[2025-04-09 20:07:22] [INFO] 706 байт пришло от клиента 
[2025-04-09 20:07:22] [INFO] Запрос:
add

RouteModel [ID=null, Name='231', Coordinates=Координаты: (x=231.0, y=23.0), Created=Wed Apr 09 20:07:22 MSK 2025, From=LocationFrom [x=123,00, y=1,00, z=3123, name='231'], To=LocationTo [x=123,00, y=13,00, z=123, name='231'], Distance=123,00]
Успешно обработан 
[2025-04-09 20:07:22] [INFO] Длина ответа (439) отправлена клиенту 
[2025-04-09 20:07:22] [INFO] Ответ отправлен клиенту 
[2025-04-09 20:17:01] [INFO] Коллекция загружена 
[2025-04-09 20:17:01] [INFO] Селектор открыт 
[2025-04-09 20:17:01] [INFO] Канал сервера готов к работе 
[2025-04-09 20:22:32] [INFO] Коллекция загружена 
[2025-04-09 20:22:32] [INFO] Селектор открыт 
[2025-04-09 20:22:32] [SEVERE] Ошибка ввода/вывода 
[2025-04-09 21:21:48] [INFO] Коллекция загружена 
[2025-04-09 21:21:48] [INFO] Селектор открыт 
[2025-04-09 21:21:48] [SEVERE] Ошибка ввода/вывода 
[2025-04-09 21:22:21] [INFO] Коллекция загружена 
[2025-04-09 21:22:21] [INFO] Селектор открыт 
[2025-04-09 21:22:21] [SEVERE] Ошибка ввода/вывода 
[2025-04-09 21:23:50] [INFO] Коллекция загружена 
[2025-04-09 21:23:50] [INFO] Селектор открыт 
[2025-04-09 21:23:50] [SEVERE] Ошибка ввода/вывода 
[2025-04-09 21:46:53] [INFO] Коллекция загружена 
[2025-04-09 21:46:53] [INFO] Селектор открыт 
[2025-04-09 21:46:53] [SEVERE] Ошибка ввода/вывода 
[2025-04-09 21:55:49] [INFO] Коллекция загружена 
[2025-04-09 21:55:49] [INFO] Селектор открыт 
[2025-04-09 21:55:49] [INFO] Канал сервера готов к работе 
[2025-04-09 21:56:15] [INFO] Установлено соединение с клиентом Socket[addr=/127.0.0.1,port=49455,localport=2224] 
[2025-04-09 21:56:24] [INFO] 144 байт пришло от клиента 
[2025-04-09 21:56:24] [INFO] Запрос:
show

null
Успешно обработан 
[2025-04-09 21:56:24] [INFO] Длина ответа (125) отправлена клиенту 
[2025-04-09 21:56:24] [INFO] Ответ отправлен клиенту 
[2025-04-09 21:57:08] [INFO] -1 байт пришло от клиента 
[2025-04-09 21:57:08] [INFO] Запрос:
show

null
Успешно обработан 
[2025-04-09 21:57:08] [INFO] Клиент отключился 
[2025-04-10 00:45:17] [INFO   ] Коллекция успешно загружена из collection.csv 
[2025-04-10 00:45:17] [INFO   ] Сервер запущен на localhost/127.0.0.1:2222 
